<?xml version="1.0" encoding="UTF-8"?>
<testsuite name="GameLogicSuitTest" tests="1" skipped="0" failures="0" errors="0" timestamp="2020-07-31T16:47:59" hostname="DESKTOP-TD07T6S" time="0.016">
  <properties/>
  <testcase name="testSettingPawnAndAvaibleMovesListForHim" classname="GameLogicSuitTest" time="0.016"/>
  <system-out><![CDATA[]]></system-out>
  <system-err><![CDATA[]]></system-err>
</testsuite>
